#! /usr/bin/vvp
:ivl_version "11.0 (stable)";
:ivl_delay_selection "TYPICAL";
:vpi_time_precision + 0;
:vpi_module "/usr/lib/x86_64-linux-gnu/ivl/system.vpi";
:vpi_module "/usr/lib/x86_64-linux-gnu/ivl/vhdl_sys.vpi";
:vpi_module "/usr/lib/x86_64-linux-gnu/ivl/vhdl_textio.vpi";
:vpi_module "/usr/lib/x86_64-linux-gnu/ivl/v2005_math.vpi";
:vpi_module "/usr/lib/x86_64-linux-gnu/ivl/va_math.vpi";
S_0x55dd40273df0 .scope module, "counter" "counter" 2 1;
 .timescale 0 0;
    .port_info 0 /INPUT 1 "irst";
    .port_info 1 /INPUT 1 "iclk";
    .port_info 2 /OUTPUT 4 "ocnt";
o0x7fd3b96c9018 .functor BUFZ 1, C4<z>; HiZ drive
v0x55dd402757b0_0 .net "iclk", 0 0, o0x7fd3b96c9018;  0 drivers
o0x7fd3b96c9048 .functor BUFZ 1, C4<z>; HiZ drive
v0x55dd40275ba0_0 .net "irst", 0 0, o0x7fd3b96c9048;  0 drivers
v0x55dd402ba790_0 .var "ocnt", 3 0;
E_0x55dd40274480 .event posedge, v0x55dd402757b0_0;
    .scope S_0x55dd40273df0;
T_0 ;
    %wait E_0x55dd40274480;
    %load/vec4 v0x55dd40275ba0_0;
    %flag_set/vec4 8;
    %jmp/0xz  T_0.0, 8;
    %pushi/vec4 0, 0, 4;
    %assign/vec4 v0x55dd402ba790_0, 0;
    %jmp T_0.1;
T_0.0 ;
    %load/vec4 v0x55dd402ba790_0;
    %addi 1, 0, 4;
    %assign/vec4 v0x55dd402ba790_0, 0;
T_0.1 ;
    %jmp T_0;
    .thread T_0;
# The file index is used to find the file name in the following table.
:file_names 3;
    "N/A";
    "<interactive>";
    "counter.v";
